<?xml version="1.0" encoding="UTF-8"?>
<testng-results skipped="0" failed="0" ignored="0" total="1" passed="1">
  <reporter-output>
  </reporter-output>
  <suite name="Default suite" duration-ms="5517" started-at="2019-09-11T09:39:47Z" finished-at="2019-09-11T09:39:53Z">
    <groups>
    </groups>
    <test name="Default test" duration-ms="5517" started-at="2019-09-11T09:39:47Z" finished-at="2019-09-11T09:39:53Z">
      <class name="EduProject.NewTest">
        <test-method status="PASS" signature="verifyEduProject()[pri:0, instance:EduProject.NewTest@4678c730]" name="verifyEduProject" duration-ms="5471" started-at="2019-09-11T09:39:47Z" finished-at="2019-09-11T09:39:53Z">
          <reporter-output>
          </reporter-output>
        </test-method> <!-- verifyEduProject -->
      </class> <!-- EduProject.NewTest -->
    </test> <!-- Default test -->
  </suite> <!-- Default suite -->
</testng-results>
